0 info it worked if it ends with ok
1 verbose cli [ '/Users/chinmay/.nvm/versions/node/v6.1.0/bin/node',
1 verbose cli   '/Users/chinmay/.nvm/versions/node/v6.1.0/bin/npm',
1 verbose cli   'run',
1 verbose cli   'test' ]
2 info using npm@3.10.3
3 info using node@v6.1.0
4 verbose run-script [ 'pretest', 'test', 'posttest' ]
5 info lifecycle fjage.js@1.0.0~pretest: fjage.js@1.0.0
6 silly lifecycle fjage.js@1.0.0~pretest: no script for pretest, continuing
7 info lifecycle fjage.js@1.0.0~test: fjage.js@1.0.0
8 verbose lifecycle fjage.js@1.0.0~test: unsafe-perm in lifecycle true
9 verbose lifecycle fjage.js@1.0.0~test: PATH: /Users/chinmay/.nvm/versions/node/v6.1.0/lib/node_modules/npm/bin/node-gyp-bin:/Users/chinmay/Documents/Subnero/Projects/fjage.js/node_modules/.bin:/Users/chinmay/.nvm/versions/node/v6.1.0/bin:/Library/TeX/texbin:/Users/chinmay/Documents/Personal/Projects/stlink:/Users/chinmay/Documents/Subnero/Projects/linaro/arm-linux-gnueabihf/bin:/Users/chinmay/Documents/Subnero/Projects/gcc-arm-none-eabi-5_3/bin:/Users/chinmay/Documents/Subnero/Projects/grails-2.4.4/bin:/Users/chinmay/.jenv/shims:/Users/chinmay/.jenv/bin:/Users/chinmay/.nvm/versions/node/v6.1.0/bin:/Users/chinmay/.rvm/gems/ruby-2.3.1/bin:/Users/chinmay/.rvm/gems/ruby-2.3.1@global/bin:/Users/chinmay/.rvm/rubies/ruby-2.3.1/bin:/Users/chinmay/Library/Android/sdk/tools/templates/wadle/wrapper:/Users/chinmay/Library/Android/sdk/tools:/Users/chinmay/Library/Android/sdk/platform-tools:/Users/chinmay/Documents/Misc/utils:/Users/chinmay/.rvm/bin:/Users/chinmay/.rvm/:/Users/chinmay/gsutil:/Users/chinmay/.includes:/Applications/kdiff3.app/Contents/MacOS:/opt/local/Library/Frameworks/Python.framework/Versions/2.7/bin/:/opt/local/include/:/opt/local/libexec/perl5.12/:/usr/texbin:/usr/X11/bin:/usr/local/bin:/opt/local/sbin:/opt/local/bin:/usr/bin:/usr/sbin:/sbin:/bin
10 verbose lifecycle fjage.js@1.0.0~test: CWD: /Users/chinmay/Documents/Subnero/Projects/fjage.js
11 silly lifecycle fjage.js@1.0.0~test: Args: [ '-c', 'node test/test.js' ]
12 silly lifecycle fjage.js@1.0.0~test: Returned: code: 1  signal: null
13 info lifecycle fjage.js@1.0.0~test: Failed to exec test script
14 verbose stack Error: fjage.js@1.0.0 test: `node test/test.js`
14 verbose stack Exit status 1
14 verbose stack     at EventEmitter.<anonymous> (/Users/chinmay/.nvm/versions/node/v6.1.0/lib/node_modules/npm/lib/utils/lifecycle.js:242:16)
14 verbose stack     at emitTwo (events.js:106:13)
14 verbose stack     at EventEmitter.emit (events.js:191:7)
14 verbose stack     at ChildProcess.<anonymous> (/Users/chinmay/.nvm/versions/node/v6.1.0/lib/node_modules/npm/lib/utils/spawn.js:40:14)
14 verbose stack     at emitTwo (events.js:106:13)
14 verbose stack     at ChildProcess.emit (events.js:191:7)
14 verbose stack     at maybeClose (internal/child_process.js:850:16)
14 verbose stack     at Process.ChildProcess._handle.onexit (internal/child_process.js:215:5)
15 verbose pkgid fjage.js@1.0.0
16 verbose cwd /Users/chinmay/Documents/Subnero/Projects/fjage.js
17 error Darwin 15.6.0
18 error argv "/Users/chinmay/.nvm/versions/node/v6.1.0/bin/node" "/Users/chinmay/.nvm/versions/node/v6.1.0/bin/npm" "run" "test"
19 error node v6.1.0
20 error npm  v3.10.3
21 error code ELIFECYCLE
22 error fjage.js@1.0.0 test: `node test/test.js`
22 error Exit status 1
23 error Failed at the fjage.js@1.0.0 test script 'node test/test.js'.
23 error Make sure you have the latest version of node.js and npm installed.
23 error If you do, this is most likely a problem with the fjage.js package,
23 error not with npm itself.
23 error Tell the author that this fails on your system:
23 error     node test/test.js
23 error You can get information on how to open an issue for this project with:
23 error     npm bugs fjage.js
23 error Or if that isn't available, you can get their info via:
23 error     npm owner ls fjage.js
23 error There is likely additional logging output above.
24 verbose exit [ 1, true ]
